{"src/_tree.js":{"path":"src/_tree.js","s":{"1":1,"2":1,"3":1,"4":0,"5":0,"6":0,"7":1,"8":1,"9":606,"10":606,"11":53,"12":1,"13":832,"14":261,"15":832,"16":832,"17":571,"18":832,"19":571,"20":1,"21":261,"22":33,"23":11,"24":33,"25":33,"26":22,"27":66,"28":264,"29":261,"30":261,"31":261,"32":832,"33":832,"34":832,"35":261,"36":1,"37":164,"38":164,"39":164,"40":164,"41":164,"42":1,"43":162,"44":162,"45":162,"46":159,"47":159,"48":159,"49":159,"50":1,"51":63,"52":1,"53":16,"54":16,"55":116,"56":116,"57":46,"58":1,"59":341,"60":341,"61":341,"62":167,"63":2,"64":165,"65":165,"66":288,"67":288,"68":121,"69":121,"70":288,"71":1,"72":9,"73":1,"74":8,"75":3,"76":4,"77":5,"78":1,"79":6,"80":4,"81":2,"82":2,"83":2,"84":2,"85":2,"86":2,"87":2,"88":1,"89":636,"90":636,"91":636,"92":636,"93":636,"94":636,"95":0,"96":0,"97":636,"98":466,"99":170,"100":633,"101":633,"102":0,"103":1,"104":104,"105":104,"106":104,"107":104,"108":104,"109":1,"110":466,"111":466,"112":466,"113":462,"114":337,"115":359,"116":359,"117":359,"118":359,"119":466,"120":463,"121":1,"122":1859,"123":1,"124":136,"125":4,"126":132,"127":3,"128":129,"129":129,"130":533,"131":128,"132":129,"133":1,"134":48,"135":48,"136":4,"137":44,"138":22,"139":22,"140":63,"141":18,"142":45,"143":22,"144":48,"145":44,"146":156,"147":20,"148":44,"149":1,"150":529,"151":529,"152":529,"153":9,"154":1,"155":520,"156":523,"157":1909,"158":29,"159":1906,"160":1387,"161":25,"162":523,"163":523,"164":21,"165":21,"166":523,"167":1,"168":1874,"169":1874,"170":1,"171":13,"172":13,"173":1,"174":19,"175":3,"176":19,"177":19,"178":1,"179":25,"180":4,"181":25,"182":25,"183":25,"184":25,"185":1,"186":382,"187":1,"188":15,"189":1,"190":20,"191":1,"192":2,"193":1,"194":5,"195":5,"196":5,"197":5,"198":5,"199":5,"200":5,"201":5,"202":1,"203":5,"204":5,"205":5,"206":5,"207":5,"208":5,"209":5,"210":5,"211":1,"212":6,"213":6,"214":6,"215":6,"216":6,"217":6,"218":6,"219":6,"220":1,"221":1016,"222":1016,"223":0,"224":0,"225":0,"226":0,"227":1016,"228":1,"229":380,"230":380,"231":378,"232":258,"233":376,"234":258,"235":376,"236":347,"237":347,"238":376,"239":1,"240":203,"241":153,"242":50,"243":50,"244":50,"245":50,"246":50,"247":50,"248":50,"249":50,"250":50,"251":1,"252":3307,"253":1,"254":48,"255":1,"256":56,"257":1,"258":55,"259":1,"260":9,"261":9,"262":9,"263":9,"264":9,"265":9,"266":9,"267":9,"268":9,"269":9,"270":9,"271":9,"272":9,"273":1,"274":17,"275":17,"276":16,"277":16,"278":16,"279":12,"280":12,"281":12,"282":12,"283":12,"284":12,"285":1,"286":249,"287":1,"288":14,"289":1,"290":13,"291":13,"292":13,"293":13,"294":13,"295":13,"296":13,"297":13,"298":13,"299":13,"300":1,"301":1},"b":{"1":[1,0],"2":[1,1],"3":[0,0],"4":[261,571],"5":[571,261],"6":[11,22],"7":[22,11],"8":[28,136],"9":[164,145],"10":[164,158],"11":[162,93],"12":[16,1],"13":[46,70],"14":[167,174],"15":[2,165],"16":[167,166],"17":[121,167],"18":[288,240],"19":[1,8],"20":[9,9],"21":[3,5],"22":[4,2],"23":[636,268],"24":[466,170],"25":[636,466],"26":[4,132],"27":[3,129],"28":[128,405],"29":[533,237],"30":[4,44],"31":[22,22],"32":[44,22],"33":[18,45],"34":[63,45],"35":[20,136],"36":[156,111],"37":[529,506],"38":[9,520],"39":[1,5],"40":[3,16],"41":[4,21],"42":[382,382],"43":[1,4],"44":[1,4],"45":[6,0],"46":[347,29],"47":[153,50],"48":[9,9],"49":[249,247],"50":[1,13]},"f":{"1":1,"2":1,"3":606,"4":53,"5":832,"6":571,"7":261,"8":33,"9":33,"10":66,"11":264,"12":832,"13":164,"14":162,"15":63,"16":16,"17":116,"18":341,"19":9,"20":4,"21":6,"22":636,"23":104,"24":466,"25":462,"26":337,"27":359,"28":1859,"29":136,"30":533,"31":48,"32":63,"33":48,"34":156,"35":529,"36":1909,"37":29,"38":1906,"39":1387,"40":25,"41":1874,"42":13,"43":19,"44":25,"45":382,"46":15,"47":20,"48":2,"49":5,"50":5,"51":6,"52":1016,"53":380,"54":258,"55":258,"56":203,"57":3307,"58":48,"59":56,"60":55,"61":9,"62":17,"63":249,"64":14},"fnMap":{"1":{"name":"(anonymous_1)","line":26,"loc":{"start":{"line":26,"column":1},"end":{"line":26,"column":26}}},"2":{"name":"(anonymous_2)","line":42,"loc":{"start":{"line":42,"column":8},"end":{"line":42,"column":21}}},"3":{"name":"__callback","line":47,"loc":{"start":{"line":47,"column":4},"end":{"line":47,"column":37}}},"4":{"name":"(anonymous_4)","line":49,"loc":{"start":{"line":49,"column":47},"end":{"line":49,"column":60}}},"5":{"name":"__setupAncestry","line":58,"loc":{"start":{"line":58,"column":4},"end":{"line":58,"column":49}}},"6":{"name":"(anonymous_6)","line":66,"loc":{"start":{"line":66,"column":32},"end":{"line":66,"column":44}}},"7":{"name":"__finalizeMutableTreeClone","line":75,"loc":{"start":{"line":75,"column":4},"end":{"line":75,"column":46}}},"8":{"name":"(anonymous_8)","line":78,"loc":{"start":{"line":78,"column":37},"end":{"line":78,"column":51}}},"9":{"name":"(anonymous_9)","line":80,"loc":{"start":{"line":80,"column":33},"end":{"line":80,"column":50}}},"10":{"name":"(anonymous_10)","line":85,"loc":{"start":{"line":85,"column":33},"end":{"line":85,"column":50}}},"11":{"name":"(anonymous_11)","line":86,"loc":{"start":{"line":86,"column":30},"end":{"line":86,"column":50}}},"12":{"name":"(anonymous_12)","line":98,"loc":{"start":{"line":98,"column":18},"end":{"line":98,"column":33}}},"13":{"name":"__cloneDefaults","line":110,"loc":{"start":{"line":110,"column":4},"end":{"line":110,"column":39}}},"14":{"name":"(anonymous_14)","line":133,"loc":{"start":{"line":133,"column":20},"end":{"line":133,"column":60}}},"15":{"name":"(anonymous_15)","line":147,"loc":{"start":{"line":147,"column":19},"end":{"line":147,"column":39}}},"16":{"name":"(anonymous_16)","line":173,"loc":{"start":{"line":173,"column":26},"end":{"line":173,"column":41}}},"17":{"name":"(anonymous_17)","line":175,"loc":{"start":{"line":175,"column":15},"end":{"line":175,"column":30}}},"18":{"name":"(anonymous_18)","line":200,"loc":{"start":{"line":200,"column":36},"end":{"line":200,"column":51}}},"19":{"name":"(anonymous_19)","line":232,"loc":{"start":{"line":232,"column":35},"end":{"line":232,"column":50}}},"20":{"name":"(anonymous_20)","line":237,"loc":{"start":{"line":237,"column":46},"end":{"line":237,"column":59}}},"21":{"name":"(anonymous_21)","line":248,"loc":{"start":{"line":248,"column":21},"end":{"line":248,"column":47}}},"22":{"name":"(anonymous_22)","line":271,"loc":{"start":{"line":271,"column":11},"end":{"line":271,"column":63}}},"23":{"name":"(anonymous_23)","line":325,"loc":{"start":{"line":325,"column":17},"end":{"line":325,"column":33}}},"24":{"name":"(anonymous_24)","line":335,"loc":{"start":{"line":335,"column":19},"end":{"line":335,"column":54}}},"25":{"name":"(anonymous_25)","line":347,"loc":{"start":{"line":347,"column":18},"end":{"line":347,"column":34}}},"26":{"name":"(anonymous_26)","line":350,"loc":{"start":{"line":350,"column":22},"end":{"line":350,"column":39}}},"27":{"name":"(anonymous_27)","line":351,"loc":{"start":{"line":351,"column":30},"end":{"line":351,"column":48}}},"28":{"name":"(anonymous_28)","line":370,"loc":{"start":{"line":370,"column":26},"end":{"line":370,"column":38}}},"29":{"name":"(anonymous_29)","line":380,"loc":{"start":{"line":380,"column":30},"end":{"line":380,"column":62}}},"30":{"name":"(anonymous_30)","line":390,"loc":{"start":{"line":390,"column":18},"end":{"line":390,"column":39}}},"31":{"name":"(anonymous_31)","line":401,"loc":{"start":{"line":401,"column":36},"end":{"line":401,"column":64}}},"32":{"name":"(anonymous_32)","line":408,"loc":{"start":{"line":408,"column":22},"end":{"line":408,"column":41}}},"33":{"name":"(anonymous_33)","line":415,"loc":{"start":{"line":415,"column":22},"end":{"line":415,"column":41}}},"34":{"name":"(anonymous_34)","line":420,"loc":{"start":{"line":420,"column":18},"end":{"line":420,"column":39}}},"35":{"name":"(anonymous_35)","line":432,"loc":{"start":{"line":432,"column":26},"end":{"line":432,"column":69}}},"36":{"name":"(anonymous_36)","line":454,"loc":{"start":{"line":454,"column":21},"end":{"line":454,"column":38}}},"37":{"name":"(anonymous_37)","line":457,"loc":{"start":{"line":457,"column":20},"end":{"line":457,"column":37}}},"38":{"name":"(anonymous_38)","line":460,"loc":{"start":{"line":460,"column":23},"end":{"line":460,"column":40}}},"39":{"name":"(anonymous_39)","line":461,"loc":{"start":{"line":461,"column":30},"end":{"line":461,"column":43}}},"40":{"name":"(anonymous_40)","line":465,"loc":{"start":{"line":465,"column":28},"end":{"line":465,"column":45}}},"41":{"name":"(anonymous_41)","line":488,"loc":{"start":{"line":488,"column":32},"end":{"line":488,"column":48}}},"42":{"name":"(anonymous_42)","line":494,"loc":{"start":{"line":494,"column":33},"end":{"line":494,"column":49}}},"43":{"name":"(anonymous_43)","line":501,"loc":{"start":{"line":501,"column":32},"end":{"line":501,"column":48}}},"44":{"name":"(anonymous_44)","line":510,"loc":{"start":{"line":510,"column":33},"end":{"line":510,"column":49}}},"45":{"name":"(anonymous_45)","line":524,"loc":{"start":{"line":524,"column":28},"end":{"line":524,"column":49}}},"46":{"name":"(anonymous_46)","line":530,"loc":{"start":{"line":530,"column":34},"end":{"line":530,"column":54}}},"47":{"name":"(anonymous_47)","line":537,"loc":{"start":{"line":537,"column":34},"end":{"line":537,"column":53}}},"48":{"name":"(anonymous_48)","line":547,"loc":{"start":{"line":547,"column":30},"end":{"line":547,"column":62}}},"49":{"name":"(anonymous_49)","line":560,"loc":{"start":{"line":560,"column":24},"end":{"line":560,"column":50}}},"50":{"name":"(anonymous_50)","line":575,"loc":{"start":{"line":575,"column":25},"end":{"line":575,"column":51}}},"51":{"name":"(anonymous_51)","line":592,"loc":{"start":{"line":592,"column":27},"end":{"line":592,"column":43}}},"52":{"name":"(anonymous_52)","line":611,"loc":{"start":{"line":611,"column":11},"end":{"line":611,"column":27}}},"53":{"name":"(anonymous_53)","line":650,"loc":{"start":{"line":650,"column":17},"end":{"line":650,"column":55}}},"54":{"name":"(anonymous_54)","line":654,"loc":{"start":{"line":654,"column":52},"end":{"line":654,"column":64}}},"55":{"name":"(anonymous_55)","line":655,"loc":{"start":{"line":655,"column":35},"end":{"line":655,"column":47}}},"56":{"name":"(anonymous_56)","line":677,"loc":{"start":{"line":677,"column":26},"end":{"line":677,"column":41}}},"57":{"name":"(anonymous_57)","line":698,"loc":{"start":{"line":698,"column":30},"end":{"line":698,"column":42}}},"58":{"name":"(anonymous_58)","line":704,"loc":{"start":{"line":704,"column":28},"end":{"line":704,"column":40}}},"59":{"name":"(anonymous_59)","line":711,"loc":{"start":{"line":711,"column":26},"end":{"line":711,"column":38}}},"60":{"name":"(anonymous_60)","line":717,"loc":{"start":{"line":717,"column":24},"end":{"line":717,"column":36}}},"61":{"name":"(anonymous_61)","line":726,"loc":{"start":{"line":726,"column":38},"end":{"line":726,"column":73}}},"62":{"name":"(anonymous_62)","line":747,"loc":{"start":{"line":747,"column":34},"end":{"line":747,"column":49}}},"63":{"name":"(anonymous_63)","line":768,"loc":{"start":{"line":768,"column":28},"end":{"line":768,"column":48}}},"64":{"name":"(anonymous_64)","line":773,"loc":{"start":{"line":773,"column":28},"end":{"line":773,"column":40}}}},"statementMap":{"1":{"start":{"line":26,"column":0},"end":{"line":812,"column":4}},"2":{"start":{"line":29,"column":4},"end":{"line":41,"column":5}},"3":{"start":{"line":31,"column":8},"end":{"line":31,"column":40}},"4":{"start":{"line":32,"column":11},"end":{"line":41,"column":5}},"5":{"start":{"line":37,"column":8},"end":{"line":37,"column":56}},"6":{"start":{"line":40,"column":8},"end":{"line":40,"column":37}},"7":{"start":{"line":45,"column":4},"end":{"line":45,"column":43}},"8":{"start":{"line":47,"column":4},"end":{"line":52,"column":5}},"9":{"start":{"line":48,"column":8},"end":{"line":48,"column":60}},"10":{"start":{"line":49,"column":8},"end":{"line":51,"column":11}},"11":{"start":{"line":50,"column":12},"end":{"line":50,"column":50}},"12":{"start":{"line":58,"column":4},"end":{"line":67,"column":5}},"13":{"start":{"line":59,"column":8},"end":{"line":61,"column":9}},"14":{"start":{"line":60,"column":12},"end":{"line":60,"column":31}},"15":{"start":{"line":62,"column":8},"end":{"line":62,"column":27}},"16":{"start":{"line":63,"column":8},"end":{"line":65,"column":9}},"17":{"start":{"line":64,"column":12},"end":{"line":64,"column":35}},"18":{"start":{"line":66,"column":8},"end":{"line":66,"column":80}},"19":{"start":{"line":66,"column":45},"end":{"line":66,"column":76}},"20":{"start":{"line":75,"column":4},"end":{"line":107,"column":5}},"21":{"start":{"line":78,"column":8},"end":{"line":91,"column":11}},"22":{"start":{"line":79,"column":12},"end":{"line":83,"column":13}},"23":{"start":{"line":80,"column":16},"end":{"line":82,"column":19}},"24":{"start":{"line":81,"column":20},"end":{"line":81,"column":34}},"25":{"start":{"line":84,"column":12},"end":{"line":90,"column":13}},"26":{"start":{"line":85,"column":16},"end":{"line":89,"column":19}},"27":{"start":{"line":86,"column":20},"end":{"line":88,"column":23}},"28":{"start":{"line":87,"column":24},"end":{"line":87,"column":43}},"29":{"start":{"line":95,"column":8},"end":{"line":95,"column":49}},"30":{"start":{"line":95,"column":14},"end":{"line":95,"column":34}},"31":{"start":{"line":98,"column":8},"end":{"line":103,"column":11}},"32":{"start":{"line":99,"column":12},"end":{"line":102,"column":26}},"33":{"start":{"line":100,"column":16},"end":{"line":100,"column":36}},"34":{"start":{"line":101,"column":16},"end":{"line":101,"column":47}},"35":{"start":{"line":106,"column":8},"end":{"line":106,"column":40}},"36":{"start":{"line":110,"column":4},"end":{"line":116,"column":5}},"37":{"start":{"line":111,"column":8},"end":{"line":111,"column":53}},"38":{"start":{"line":112,"column":8},"end":{"line":112,"column":97}},"39":{"start":{"line":113,"column":8},"end":{"line":113,"column":78}},"40":{"start":{"line":114,"column":8},"end":{"line":114,"column":52}},"41":{"start":{"line":115,"column":8},"end":{"line":115,"column":24}},"42":{"start":{"line":133,"column":4},"end":{"line":142,"column":6}},"43":{"start":{"line":134,"column":8},"end":{"line":134,"column":45}},"44":{"start":{"line":135,"column":8},"end":{"line":135,"column":77}},"45":{"start":{"line":137,"column":8},"end":{"line":137,"column":58}},"46":{"start":{"line":138,"column":8},"end":{"line":138,"column":30}},"47":{"start":{"line":139,"column":8},"end":{"line":139,"column":41}},"48":{"start":{"line":140,"column":8},"end":{"line":140,"column":41}},"49":{"start":{"line":141,"column":8},"end":{"line":141,"column":20}},"50":{"start":{"line":147,"column":4},"end":{"line":149,"column":6}},"51":{"start":{"line":148,"column":8},"end":{"line":148,"column":51}},"52":{"start":{"line":173,"column":4},"end":{"line":181,"column":6}},"53":{"start":{"line":174,"column":8},"end":{"line":174,"column":32}},"54":{"start":{"line":175,"column":8},"end":{"line":180,"column":10}},"55":{"start":{"line":176,"column":12},"end":{"line":176,"column":27}},"56":{"start":{"line":177,"column":12},"end":{"line":179,"column":13}},"57":{"start":{"line":178,"column":16},"end":{"line":178,"column":40}},"58":{"start":{"line":200,"column":4},"end":{"line":217,"column":6}},"59":{"start":{"line":201,"column":8},"end":{"line":201,"column":28}},"60":{"start":{"line":202,"column":8},"end":{"line":202,"column":32}},"61":{"start":{"line":203,"column":8},"end":{"line":216,"column":9}},"62":{"start":{"line":204,"column":12},"end":{"line":206,"column":13}},"63":{"start":{"line":205,"column":16},"end":{"line":205,"column":47}},"64":{"start":{"line":207,"column":12},"end":{"line":207,"column":26}},"65":{"start":{"line":208,"column":12},"end":{"line":215,"column":13}},"66":{"start":{"line":209,"column":16},"end":{"line":209,"column":35}},"67":{"start":{"line":210,"column":16},"end":{"line":213,"column":17}},"68":{"start":{"line":211,"column":20},"end":{"line":211,"column":45}},"69":{"start":{"line":212,"column":20},"end":{"line":212,"column":24}},"70":{"start":{"line":214,"column":16},"end":{"line":214,"column":40}},"71":{"start":{"line":232,"column":4},"end":{"line":241,"column":6}},"72":{"start":{"line":233,"column":8},"end":{"line":235,"column":9}},"73":{"start":{"line":234,"column":12},"end":{"line":234,"column":40}},"74":{"start":{"line":236,"column":8},"end":{"line":240,"column":9}},"75":{"start":{"line":237,"column":12},"end":{"line":237,"column":75}},"76":{"start":{"line":237,"column":60},"end":{"line":237,"column":71}},"77":{"start":{"line":239,"column":12},"end":{"line":239,"column":36}},"78":{"start":{"line":248,"column":4},"end":{"line":259,"column":6}},"79":{"start":{"line":249,"column":8},"end":{"line":251,"column":9}},"80":{"start":{"line":250,"column":12},"end":{"line":250,"column":69}},"81":{"start":{"line":252,"column":8},"end":{"line":252,"column":45}},"82":{"start":{"line":253,"column":8},"end":{"line":253,"column":38}},"83":{"start":{"line":254,"column":8},"end":{"line":254,"column":45}},"84":{"start":{"line":255,"column":8},"end":{"line":255,"column":30}},"85":{"start":{"line":256,"column":8},"end":{"line":256,"column":41}},"86":{"start":{"line":257,"column":8},"end":{"line":257,"column":41}},"87":{"start":{"line":258,"column":8},"end":{"line":258,"column":20}},"88":{"start":{"line":271,"column":4},"end":{"line":314,"column":6}},"89":{"start":{"line":272,"column":8},"end":{"line":272,"column":33}},"90":{"start":{"line":273,"column":8},"end":{"line":273,"column":40}},"91":{"start":{"line":274,"column":8},"end":{"line":274,"column":28}},"92":{"start":{"line":275,"column":8},"end":{"line":275,"column":39}},"93":{"start":{"line":276,"column":8},"end":{"line":294,"column":9}},"94":{"start":{"line":277,"column":12},"end":{"line":290,"column":15}},"95":{"start":{"line":292,"column":12},"end":{"line":292,"column":29}},"96":{"start":{"line":293,"column":12},"end":{"line":293,"column":45}},"97":{"start":{"line":296,"column":8},"end":{"line":300,"column":9}},"98":{"start":{"line":297,"column":12},"end":{"line":297,"column":60}},"99":{"start":{"line":299,"column":12},"end":{"line":299,"column":36}},"100":{"start":{"line":302,"column":8},"end":{"line":313,"column":9}},"101":{"start":{"line":303,"column":12},"end":{"line":310,"column":15}},"102":{"start":{"line":312,"column":12},"end":{"line":312,"column":33}},"103":{"start":{"line":325,"column":4},"end":{"line":331,"column":6}},"104":{"start":{"line":326,"column":8},"end":{"line":326,"column":46}},"105":{"start":{"line":327,"column":8},"end":{"line":327,"column":58}},"106":{"start":{"line":328,"column":8},"end":{"line":328,"column":49}},"107":{"start":{"line":329,"column":8},"end":{"line":329,"column":33}},"108":{"start":{"line":330,"column":8},"end":{"line":330,"column":23}},"109":{"start":{"line":335,"column":4},"end":{"line":362,"column":6}},"110":{"start":{"line":336,"column":8},"end":{"line":336,"column":45}},"111":{"start":{"line":337,"column":8},"end":{"line":337,"column":31}},"112":{"start":{"line":346,"column":8},"end":{"line":358,"column":10}},"113":{"start":{"line":348,"column":16},"end":{"line":348,"column":39}},"114":{"start":{"line":351,"column":16},"end":{"line":356,"column":19}},"115":{"start":{"line":352,"column":20},"end":{"line":352,"column":100}},"116":{"start":{"line":353,"column":20},"end":{"line":353,"column":61}},"117":{"start":{"line":354,"column":20},"end":{"line":354,"column":55}},"118":{"start":{"line":355,"column":20},"end":{"line":355,"column":61}},"119":{"start":{"line":360,"column":8},"end":{"line":360,"column":39}},"120":{"start":{"line":361,"column":8},"end":{"line":361,"column":24}},"121":{"start":{"line":370,"column":4},"end":{"line":372,"column":6}},"122":{"start":{"line":371,"column":8},"end":{"line":371,"column":27}},"123":{"start":{"line":380,"column":4},"end":{"line":396,"column":6}},"124":{"start":{"line":381,"column":8},"end":{"line":383,"column":9}},"125":{"start":{"line":382,"column":12},"end":{"line":382,"column":31}},"126":{"start":{"line":385,"column":8},"end":{"line":387,"column":9}},"127":{"start":{"line":386,"column":12},"end":{"line":386,"column":25}},"128":{"start":{"line":389,"column":8},"end":{"line":389,"column":26}},"129":{"start":{"line":390,"column":8},"end":{"line":394,"column":23}},"130":{"start":{"line":391,"column":12},"end":{"line":393,"column":13}},"131":{"start":{"line":392,"column":16},"end":{"line":392,"column":34}},"132":{"start":{"line":395,"column":8},"end":{"line":395,"column":21}},"133":{"start":{"line":401,"column":4},"end":{"line":426,"column":6}},"134":{"start":{"line":402,"column":8},"end":{"line":402,"column":41}},"135":{"start":{"line":403,"column":8},"end":{"line":405,"column":9}},"136":{"start":{"line":404,"column":12},"end":{"line":404,"column":25}},"137":{"start":{"line":406,"column":8},"end":{"line":418,"column":9}},"138":{"start":{"line":407,"column":12},"end":{"line":407,"column":32}},"139":{"start":{"line":408,"column":12},"end":{"line":413,"column":14}},"140":{"start":{"line":409,"column":16},"end":{"line":411,"column":17}},"141":{"start":{"line":410,"column":20},"end":{"line":410,"column":33}},"142":{"start":{"line":412,"column":16},"end":{"line":412,"column":83}},"143":{"start":{"line":415,"column":12},"end":{"line":417,"column":14}},"144":{"start":{"line":416,"column":16},"end":{"line":416,"column":49}},"145":{"start":{"line":420,"column":8},"end":{"line":424,"column":23}},"146":{"start":{"line":421,"column":12},"end":{"line":423,"column":13}},"147":{"start":{"line":422,"column":16},"end":{"line":422,"column":34}},"148":{"start":{"line":425,"column":8},"end":{"line":425,"column":21}},"149":{"start":{"line":432,"column":4},"end":{"line":482,"column":6}},"150":{"start":{"line":433,"column":8},"end":{"line":433,"column":54}},"151":{"start":{"line":434,"column":8},"end":{"line":434,"column":52}},"152":{"start":{"line":436,"column":8},"end":{"line":442,"column":9}},"153":{"start":{"line":437,"column":12},"end":{"line":439,"column":13}},"154":{"start":{"line":438,"column":16},"end":{"line":438,"column":72}},"155":{"start":{"line":441,"column":12},"end":{"line":441,"column":36}},"156":{"start":{"line":452,"column":8},"end":{"line":468,"column":10}},"157":{"start":{"line":455,"column":16},"end":{"line":455,"column":38}},"158":{"start":{"line":458,"column":16},"end":{"line":458,"column":38}},"159":{"start":{"line":461,"column":16},"end":{"line":463,"column":19}},"160":{"start":{"line":462,"column":20},"end":{"line":462,"column":46}},"161":{"start":{"line":466,"column":16},"end":{"line":466,"column":52}},"162":{"start":{"line":475,"column":8},"end":{"line":475,"column":42}},"163":{"start":{"line":476,"column":8},"end":{"line":479,"column":9}},"164":{"start":{"line":477,"column":12},"end":{"line":477,"column":40}},"165":{"start":{"line":478,"column":12},"end":{"line":478,"column":44}},"166":{"start":{"line":481,"column":8},"end":{"line":481,"column":29}},"167":{"start":{"line":488,"column":4},"end":{"line":491,"column":6}},"168":{"start":{"line":489,"column":8},"end":{"line":489,"column":25}},"169":{"start":{"line":490,"column":8},"end":{"line":490,"column":38}},"170":{"start":{"line":494,"column":4},"end":{"line":497,"column":6}},"171":{"start":{"line":495,"column":8},"end":{"line":495,"column":38}},"172":{"start":{"line":496,"column":8},"end":{"line":496,"column":25}},"173":{"start":{"line":501,"column":4},"end":{"line":507,"column":6}},"174":{"start":{"line":502,"column":8},"end":{"line":504,"column":9}},"175":{"start":{"line":503,"column":12},"end":{"line":503,"column":31}},"176":{"start":{"line":505,"column":8},"end":{"line":505,"column":36}},"177":{"start":{"line":506,"column":8},"end":{"line":506,"column":38}},"178":{"start":{"line":510,"column":4},"end":{"line":518,"column":6}},"179":{"start":{"line":511,"column":8},"end":{"line":513,"column":9}},"180":{"start":{"line":512,"column":12},"end":{"line":512,"column":30}},"181":{"start":{"line":514,"column":8},"end":{"line":514,"column":35}},"182":{"start":{"line":515,"column":8},"end":{"line":515,"column":43}},"183":{"start":{"line":516,"column":8},"end":{"line":516,"column":22}},"184":{"start":{"line":517,"column":8},"end":{"line":517,"column":31}},"185":{"start":{"line":524,"column":4},"end":{"line":526,"column":6}},"186":{"start":{"line":525,"column":8},"end":{"line":525,"column":75}},"187":{"start":{"line":530,"column":4},"end":{"line":532,"column":6}},"188":{"start":{"line":531,"column":8},"end":{"line":531,"column":57}},"189":{"start":{"line":537,"column":4},"end":{"line":539,"column":6}},"190":{"start":{"line":538,"column":8},"end":{"line":538,"column":63}},"191":{"start":{"line":547,"column":4},"end":{"line":551,"column":6}},"192":{"start":{"line":548,"column":8},"end":{"line":550,"column":38}},"193":{"start":{"line":560,"column":4},"end":{"line":569,"column":6}},"194":{"start":{"line":561,"column":8},"end":{"line":561,"column":24}},"195":{"start":{"line":562,"column":8},"end":{"line":562,"column":35}},"196":{"start":{"line":563,"column":8},"end":{"line":563,"column":57}},"197":{"start":{"line":564,"column":8},"end":{"line":564,"column":89}},"198":{"start":{"line":565,"column":8},"end":{"line":565,"column":33}},"199":{"start":{"line":566,"column":8},"end":{"line":566,"column":44}},"200":{"start":{"line":567,"column":8},"end":{"line":567,"column":44}},"201":{"start":{"line":568,"column":8},"end":{"line":568,"column":23}},"202":{"start":{"line":575,"column":4},"end":{"line":584,"column":6}},"203":{"start":{"line":576,"column":8},"end":{"line":576,"column":24}},"204":{"start":{"line":577,"column":8},"end":{"line":577,"column":35}},"205":{"start":{"line":578,"column":8},"end":{"line":578,"column":57}},"206":{"start":{"line":579,"column":8},"end":{"line":579,"column":113}},"207":{"start":{"line":580,"column":8},"end":{"line":580,"column":33}},"208":{"start":{"line":581,"column":8},"end":{"line":581,"column":44}},"209":{"start":{"line":582,"column":8},"end":{"line":582,"column":44}},"210":{"start":{"line":583,"column":8},"end":{"line":583,"column":23}},"211":{"start":{"line":592,"column":4},"end":{"line":602,"column":6}},"212":{"start":{"line":593,"column":8},"end":{"line":593,"column":20}},"213":{"start":{"line":594,"column":8},"end":{"line":594,"column":35}},"214":{"start":{"line":595,"column":8},"end":{"line":597,"column":9}},"215":{"start":{"line":596,"column":12},"end":{"line":596,"column":48}},"216":{"start":{"line":598,"column":8},"end":{"line":598,"column":33}},"217":{"start":{"line":599,"column":8},"end":{"line":599,"column":44}},"218":{"start":{"line":600,"column":8},"end":{"line":600,"column":44}},"219":{"start":{"line":601,"column":8},"end":{"line":601,"column":23}},"220":{"start":{"line":611,"column":4},"end":{"line":645,"column":6}},"221":{"start":{"line":612,"column":8},"end":{"line":643,"column":9}},"222":{"start":{"line":613,"column":12},"end":{"line":637,"column":15}},"223":{"start":{"line":639,"column":12},"end":{"line":639,"column":31}},"224":{"start":{"line":640,"column":12},"end":{"line":640,"column":36}},"225":{"start":{"line":641,"column":12},"end":{"line":641,"column":33}},"226":{"start":{"line":642,"column":12},"end":{"line":642,"column":42}},"227":{"start":{"line":644,"column":8},"end":{"line":644,"column":50}},"228":{"start":{"line":650,"column":4},"end":{"line":663,"column":6}},"229":{"start":{"line":651,"column":8},"end":{"line":651,"column":40}},"230":{"start":{"line":652,"column":8},"end":{"line":652,"column":37}},"231":{"start":{"line":654,"column":8},"end":{"line":654,"column":113}},"232":{"start":{"line":654,"column":66},"end":{"line":654,"column":109}},"233":{"start":{"line":655,"column":8},"end":{"line":655,"column":72}},"234":{"start":{"line":655,"column":48},"end":{"line":655,"column":69}},"235":{"start":{"line":657,"column":8},"end":{"line":660,"column":9}},"236":{"start":{"line":658,"column":12},"end":{"line":658,"column":37}},"237":{"start":{"line":659,"column":12},"end":{"line":659,"column":35}},"238":{"start":{"line":662,"column":8},"end":{"line":662,"column":23}},"239":{"start":{"line":677,"column":4},"end":{"line":693,"column":6}},"240":{"start":{"line":679,"column":8},"end":{"line":681,"column":9}},"241":{"start":{"line":680,"column":12},"end":{"line":680,"column":31}},"242":{"start":{"line":683,"column":8},"end":{"line":683,"column":29}},"243":{"start":{"line":685,"column":8},"end":{"line":685,"column":42}},"244":{"start":{"line":686,"column":8},"end":{"line":686,"column":41}},"245":{"start":{"line":687,"column":8},"end":{"line":687,"column":29}},"246":{"start":{"line":688,"column":8},"end":{"line":688,"column":33}},"247":{"start":{"line":689,"column":8},"end":{"line":689,"column":44}},"248":{"start":{"line":690,"column":8},"end":{"line":690,"column":58}},"249":{"start":{"line":691,"column":8},"end":{"line":691,"column":44}},"250":{"start":{"line":692,"column":8},"end":{"line":692,"column":23}},"251":{"start":{"line":698,"column":4},"end":{"line":700,"column":6}},"252":{"start":{"line":699,"column":8},"end":{"line":699,"column":31}},"253":{"start":{"line":704,"column":4},"end":{"line":706,"column":6}},"254":{"start":{"line":705,"column":8},"end":{"line":705,"column":29}},"255":{"start":{"line":711,"column":4},"end":{"line":713,"column":6}},"256":{"start":{"line":712,"column":8},"end":{"line":712,"column":27}},"257":{"start":{"line":717,"column":4},"end":{"line":719,"column":6}},"258":{"start":{"line":718,"column":8},"end":{"line":718,"column":25}},"259":{"start":{"line":726,"column":4},"end":{"line":743,"column":6}},"260":{"start":{"line":727,"column":8},"end":{"line":727,"column":70}},"261":{"start":{"line":728,"column":8},"end":{"line":728,"column":46}},"262":{"start":{"line":729,"column":8},"end":{"line":729,"column":27}},"263":{"start":{"line":730,"column":8},"end":{"line":730,"column":88}},"264":{"start":{"line":732,"column":8},"end":{"line":732,"column":35}},"265":{"start":{"line":733,"column":8},"end":{"line":733,"column":41}},"266":{"start":{"line":734,"column":8},"end":{"line":734,"column":50}},"267":{"start":{"line":735,"column":8},"end":{"line":735,"column":54}},"268":{"start":{"line":737,"column":8},"end":{"line":737,"column":33}},"269":{"start":{"line":738,"column":8},"end":{"line":738,"column":44}},"270":{"start":{"line":739,"column":8},"end":{"line":739,"column":79}},"271":{"start":{"line":740,"column":8},"end":{"line":740,"column":44}},"272":{"start":{"line":742,"column":8},"end":{"line":742,"column":23}},"273":{"start":{"line":747,"column":4},"end":{"line":763,"column":6}},"274":{"start":{"line":748,"column":8},"end":{"line":748,"column":46}},"275":{"start":{"line":750,"column":8},"end":{"line":750,"column":42}},"276":{"start":{"line":751,"column":8},"end":{"line":751,"column":47}},"277":{"start":{"line":753,"column":8},"end":{"line":753,"column":56}},"278":{"start":{"line":754,"column":8},"end":{"line":754,"column":52}},"279":{"start":{"line":755,"column":8},"end":{"line":755,"column":49}},"280":{"start":{"line":757,"column":8},"end":{"line":757,"column":33}},"281":{"start":{"line":758,"column":8},"end":{"line":758,"column":44}},"282":{"start":{"line":759,"column":8},"end":{"line":759,"column":68}},"283":{"start":{"line":760,"column":8},"end":{"line":760,"column":44}},"284":{"start":{"line":762,"column":8},"end":{"line":762,"column":23}},"285":{"start":{"line":768,"column":4},"end":{"line":771,"column":6}},"286":{"start":{"line":769,"column":8},"end":{"line":770,"column":41}},"287":{"start":{"line":773,"column":4},"end":{"line":791,"column":6}},"288":{"start":{"line":774,"column":8},"end":{"line":776,"column":9}},"289":{"start":{"line":775,"column":12},"end":{"line":775,"column":59}},"290":{"start":{"line":778,"column":8},"end":{"line":778,"column":38}},"291":{"start":{"line":780,"column":8},"end":{"line":780,"column":42}},"292":{"start":{"line":781,"column":8},"end":{"line":781,"column":41}},"293":{"start":{"line":782,"column":8},"end":{"line":782,"column":50}},"294":{"start":{"line":784,"column":8},"end":{"line":784,"column":68}},"295":{"start":{"line":785,"column":8},"end":{"line":785,"column":33}},"296":{"start":{"line":786,"column":8},"end":{"line":786,"column":44}},"297":{"start":{"line":787,"column":8},"end":{"line":787,"column":60}},"298":{"start":{"line":788,"column":8},"end":{"line":788,"column":44}},"299":{"start":{"line":790,"column":8},"end":{"line":790,"column":23}},"300":{"start":{"line":796,"column":4},"end":{"line":808,"column":6}},"301":{"start":{"line":811,"column":4},"end":{"line":811,"column":17}}},"branchMap":{"1":{"line":29,"type":"if","locations":[{"start":{"line":29,"column":4},"end":{"line":29,"column":4}},{"start":{"line":29,"column":4},"end":{"line":29,"column":4}}]},"2":{"line":29,"type":"binary-expr","locations":[{"start":{"line":29,"column":8},"end":{"line":29,"column":36}},{"start":{"line":29,"column":40},"end":{"line":29,"column":50}}]},"3":{"line":32,"type":"if","locations":[{"start":{"line":32,"column":11},"end":{"line":32,"column":11}},{"start":{"line":32,"column":11},"end":{"line":32,"column":11}}]},"4":{"line":59,"type":"if","locations":[{"start":{"line":59,"column":8},"end":{"line":59,"column":8}},{"start":{"line":59,"column":8},"end":{"line":59,"column":8}}]},"5":{"line":63,"type":"if","locations":[{"start":{"line":63,"column":8},"end":{"line":63,"column":8}},{"start":{"line":63,"column":8},"end":{"line":63,"column":8}}]},"6":{"line":79,"type":"if","locations":[{"start":{"line":79,"column":12},"end":{"line":79,"column":12}},{"start":{"line":79,"column":12},"end":{"line":79,"column":12}}]},"7":{"line":84,"type":"if","locations":[{"start":{"line":84,"column":12},"end":{"line":84,"column":12}},{"start":{"line":84,"column":12},"end":{"line":84,"column":12}}]},"8":{"line":111,"type":"cond-expr","locations":[{"start":{"line":111,"column":30},"end":{"line":111,"column":47}},{"start":{"line":111,"column":50},"end":{"line":111,"column":52}}]},"9":{"line":112,"type":"binary-expr","locations":[{"start":{"line":112,"column":48},"end":{"line":112,"column":66}},{"start":{"line":112,"column":70},"end":{"line":112,"column":72}}]},"10":{"line":113,"type":"binary-expr","locations":[{"start":{"line":113,"column":35},"end":{"line":113,"column":50}},{"start":{"line":113,"column":54},"end":{"line":113,"column":56}}]},"11":{"line":135,"type":"binary-expr","locations":[{"start":{"line":135,"column":43},"end":{"line":135,"column":56}},{"start":{"line":135,"column":60},"end":{"line":135,"column":76}}]},"12":{"line":174,"type":"binary-expr","locations":[{"start":{"line":174,"column":14},"end":{"line":174,"column":17}},{"start":{"line":174,"column":21},"end":{"line":174,"column":31}}]},"13":{"line":177,"type":"if","locations":[{"start":{"line":177,"column":12},"end":{"line":177,"column":12}},{"start":{"line":177,"column":12},"end":{"line":177,"column":12}}]},"14":{"line":203,"type":"if","locations":[{"start":{"line":203,"column":8},"end":{"line":203,"column":8}},{"start":{"line":203,"column":8},"end":{"line":203,"column":8}}]},"15":{"line":204,"type":"if","locations":[{"start":{"line":204,"column":12},"end":{"line":204,"column":12}},{"start":{"line":204,"column":12},"end":{"line":204,"column":12}}]},"16":{"line":204,"type":"binary-expr","locations":[{"start":{"line":204,"column":16},"end":{"line":204,"column":34}},{"start":{"line":204,"column":38},"end":{"line":204,"column":52}}]},"17":{"line":210,"type":"if","locations":[{"start":{"line":210,"column":16},"end":{"line":210,"column":16}},{"start":{"line":210,"column":16},"end":{"line":210,"column":16}}]},"18":{"line":210,"type":"binary-expr","locations":[{"start":{"line":210,"column":20},"end":{"line":210,"column":35}},{"start":{"line":210,"column":39},"end":{"line":210,"column":61}}]},"19":{"line":233,"type":"if","locations":[{"start":{"line":233,"column":8},"end":{"line":233,"column":8}},{"start":{"line":233,"column":8},"end":{"line":233,"column":8}}]},"20":{"line":233,"type":"binary-expr","locations":[{"start":{"line":233,"column":12},"end":{"line":233,"column":27}},{"start":{"line":233,"column":31},"end":{"line":233,"column":45}}]},"21":{"line":236,"type":"if","locations":[{"start":{"line":236,"column":8},"end":{"line":236,"column":8}},{"start":{"line":236,"column":8},"end":{"line":236,"column":8}}]},"22":{"line":249,"type":"if","locations":[{"start":{"line":249,"column":8},"end":{"line":249,"column":8}},{"start":{"line":249,"column":8},"end":{"line":249,"column":8}}]},"23":{"line":275,"type":"binary-expr","locations":[{"start":{"line":275,"column":23},"end":{"line":275,"column":33}},{"start":{"line":275,"column":37},"end":{"line":275,"column":38}}]},"24":{"line":296,"type":"if","locations":[{"start":{"line":296,"column":8},"end":{"line":296,"column":8}},{"start":{"line":296,"column":8},"end":{"line":296,"column":8}}]},"25":{"line":296,"type":"binary-expr","locations":[{"start":{"line":296,"column":12},"end":{"line":296,"column":17}},{"start":{"line":296,"column":21},"end":{"line":296,"column":36}}]},"26":{"line":381,"type":"if","locations":[{"start":{"line":381,"column":8},"end":{"line":381,"column":8}},{"start":{"line":381,"column":8},"end":{"line":381,"column":8}}]},"27":{"line":385,"type":"if","locations":[{"start":{"line":385,"column":8},"end":{"line":385,"column":8}},{"start":{"line":385,"column":8},"end":{"line":385,"column":8}}]},"28":{"line":391,"type":"if","locations":[{"start":{"line":391,"column":12},"end":{"line":391,"column":12}},{"start":{"line":391,"column":12},"end":{"line":391,"column":12}}]},"29":{"line":391,"type":"binary-expr","locations":[{"start":{"line":391,"column":16},"end":{"line":391,"column":22}},{"start":{"line":391,"column":26},"end":{"line":391,"column":52}}]},"30":{"line":403,"type":"if","locations":[{"start":{"line":403,"column":8},"end":{"line":403,"column":8}},{"start":{"line":403,"column":8},"end":{"line":403,"column":8}}]},"31":{"line":406,"type":"if","locations":[{"start":{"line":406,"column":8},"end":{"line":406,"column":8}},{"start":{"line":406,"column":8},"end":{"line":406,"column":8}}]},"32":{"line":406,"type":"binary-expr","locations":[{"start":{"line":406,"column":12},"end":{"line":406,"column":28}},{"start":{"line":406,"column":32},"end":{"line":406,"column":48}}]},"33":{"line":409,"type":"if","locations":[{"start":{"line":409,"column":16},"end":{"line":409,"column":16}},{"start":{"line":409,"column":16},"end":{"line":409,"column":16}}]},"34":{"line":409,"type":"binary-expr","locations":[{"start":{"line":409,"column":20},"end":{"line":409,"column":41}},{"start":{"line":409,"column":45},"end":{"line":409,"column":64}}]},"35":{"line":421,"type":"if","locations":[{"start":{"line":421,"column":12},"end":{"line":421,"column":12}},{"start":{"line":421,"column":12},"end":{"line":421,"column":12}}]},"36":{"line":421,"type":"binary-expr","locations":[{"start":{"line":421,"column":16},"end":{"line":421,"column":22}},{"start":{"line":421,"column":26},"end":{"line":421,"column":51}}]},"37":{"line":433,"type":"binary-expr","locations":[{"start":{"line":433,"column":21},"end":{"line":433,"column":31}},{"start":{"line":433,"column":35},"end":{"line":433,"column":53}}]},"38":{"line":436,"type":"if","locations":[{"start":{"line":436,"column":8},"end":{"line":436,"column":8}},{"start":{"line":436,"column":8},"end":{"line":436,"column":8}}]},"39":{"line":437,"type":"if","locations":[{"start":{"line":437,"column":12},"end":{"line":437,"column":12}},{"start":{"line":437,"column":12},"end":{"line":437,"column":12}}]},"40":{"line":502,"type":"if","locations":[{"start":{"line":502,"column":8},"end":{"line":502,"column":8}},{"start":{"line":502,"column":8},"end":{"line":502,"column":8}}]},"41":{"line":511,"type":"if","locations":[{"start":{"line":511,"column":8},"end":{"line":511,"column":8}},{"start":{"line":511,"column":8},"end":{"line":511,"column":8}}]},"42":{"line":525,"type":"binary-expr","locations":[{"start":{"line":525,"column":16},"end":{"line":525,"column":41}},{"start":{"line":525,"column":46},"end":{"line":525,"column":74}}]},"43":{"line":563,"type":"cond-expr","locations":[{"start":{"line":563,"column":35},"end":{"line":563,"column":43}},{"start":{"line":563,"column":46},"end":{"line":563,"column":56}}]},"44":{"line":578,"type":"cond-expr","locations":[{"start":{"line":578,"column":35},"end":{"line":578,"column":43}},{"start":{"line":578,"column":46},"end":{"line":578,"column":56}}]},"45":{"line":595,"type":"if","locations":[{"start":{"line":595,"column":8},"end":{"line":595,"column":8}},{"start":{"line":595,"column":8},"end":{"line":595,"column":8}}]},"46":{"line":657,"type":"if","locations":[{"start":{"line":657,"column":8},"end":{"line":657,"column":8}},{"start":{"line":657,"column":8},"end":{"line":657,"column":8}}]},"47":{"line":679,"type":"if","locations":[{"start":{"line":679,"column":8},"end":{"line":679,"column":8}},{"start":{"line":679,"column":8},"end":{"line":679,"column":8}}]},"48":{"line":727,"type":"binary-expr","locations":[{"start":{"line":727,"column":24},"end":{"line":727,"column":37}},{"start":{"line":727,"column":41},"end":{"line":727,"column":69}}]},"49":{"line":769,"type":"binary-expr","locations":[{"start":{"line":769,"column":15},"end":{"line":769,"column":51}},{"start":{"line":770,"column":12},"end":{"line":770,"column":40}}]},"50":{"line":774,"type":"if","locations":[{"start":{"line":774,"column":8},"end":{"line":774,"column":8}},{"start":{"line":774,"column":8},"end":{"line":774,"column":8}}]}}}}