{"src/_tree.js":{"path":"src/_tree.js","s":{"1":1,"2":1,"3":1,"4":0,"5":0,"6":0,"7":1,"8":1,"9":606,"10":606,"11":53,"12":1,"13":261,"14":33,"15":11,"16":33,"17":33,"18":22,"19":66,"20":264,"21":261,"22":1,"23":832,"24":261,"25":832,"26":832,"27":571,"28":832,"29":571,"30":1,"31":261,"32":261,"33":261,"34":832,"35":832,"36":832,"37":261,"38":1,"39":164,"40":164,"41":164,"42":164,"43":164,"44":1,"45":162,"46":162,"47":162,"48":159,"49":159,"50":159,"51":159,"52":1,"53":63,"54":1,"55":16,"56":16,"57":116,"58":116,"59":46,"60":1,"61":341,"62":341,"63":341,"64":167,"65":2,"66":165,"67":165,"68":288,"69":288,"70":121,"71":121,"72":288,"73":1,"74":9,"75":1,"76":8,"77":3,"78":4,"79":5,"80":1,"81":6,"82":4,"83":2,"84":2,"85":2,"86":2,"87":2,"88":2,"89":2,"90":1,"91":636,"92":636,"93":636,"94":636,"95":636,"96":636,"97":0,"98":0,"99":636,"100":466,"101":170,"102":633,"103":633,"104":0,"105":1,"106":104,"107":104,"108":104,"109":104,"110":104,"111":1,"112":466,"113":466,"114":466,"115":462,"116":337,"117":359,"118":359,"119":359,"120":359,"121":466,"122":463,"123":1,"124":1859,"125":1,"126":136,"127":4,"128":132,"129":3,"130":129,"131":129,"132":533,"133":128,"134":129,"135":1,"136":48,"137":48,"138":4,"139":44,"140":22,"141":22,"142":63,"143":18,"144":45,"145":22,"146":48,"147":44,"148":156,"149":20,"150":44,"151":1,"152":529,"153":529,"154":529,"155":9,"156":1,"157":520,"158":523,"159":1909,"160":29,"161":1906,"162":1387,"163":25,"164":523,"165":523,"166":21,"167":21,"168":523,"169":1,"170":1874,"171":1874,"172":1,"173":13,"174":13,"175":1,"176":19,"177":3,"178":19,"179":19,"180":1,"181":25,"182":4,"183":25,"184":25,"185":25,"186":25,"187":1,"188":382,"189":1,"190":15,"191":1,"192":20,"193":1,"194":2,"195":1,"196":5,"197":5,"198":5,"199":5,"200":5,"201":5,"202":5,"203":5,"204":1,"205":5,"206":5,"207":5,"208":5,"209":5,"210":5,"211":5,"212":5,"213":1,"214":6,"215":6,"216":6,"217":6,"218":6,"219":6,"220":6,"221":6,"222":1,"223":1016,"224":1016,"225":0,"226":0,"227":0,"228":0,"229":1016,"230":1,"231":380,"232":380,"233":378,"234":258,"235":376,"236":258,"237":376,"238":347,"239":347,"240":376,"241":1,"242":203,"243":153,"244":50,"245":50,"246":50,"247":50,"248":50,"249":50,"250":50,"251":50,"252":50,"253":1,"254":3307,"255":1,"256":48,"257":1,"258":56,"259":1,"260":55,"261":1,"262":9,"263":9,"264":9,"265":9,"266":9,"267":9,"268":9,"269":9,"270":9,"271":9,"272":9,"273":9,"274":9,"275":1,"276":17,"277":17,"278":16,"279":16,"280":16,"281":12,"282":12,"283":12,"284":12,"285":12,"286":12,"287":1,"288":249,"289":1,"290":14,"291":1,"292":13,"293":13,"294":13,"295":13,"296":13,"297":13,"298":13,"299":13,"300":13,"301":13,"302":1,"303":1},"b":{"1":[1,0],"2":[1,1],"3":[0,0],"4":[11,22],"5":[22,11],"6":[261,571],"7":[571,261],"8":[28,136],"9":[164,145],"10":[164,158],"11":[162,93],"12":[16,1],"13":[46,70],"14":[167,174],"15":[2,165],"16":[167,166],"17":[121,167],"18":[288,240],"19":[1,8],"20":[9,9],"21":[3,5],"22":[4,2],"23":[636,268],"24":[466,170],"25":[636,466],"26":[4,132],"27":[3,129],"28":[128,405],"29":[533,237],"30":[4,44],"31":[22,22],"32":[44,22],"33":[18,45],"34":[63,45],"35":[20,136],"36":[156,111],"37":[529,506],"38":[9,520],"39":[1,5],"40":[3,16],"41":[4,21],"42":[382,382],"43":[1,4],"44":[1,4],"45":[6,0],"46":[347,29],"47":[153,50],"48":[9,9],"49":[249,247],"50":[1,13]},"f":{"1":1,"2":1,"3":606,"4":53,"5":261,"6":33,"7":33,"8":66,"9":264,"10":832,"11":571,"12":261,"13":832,"14":164,"15":162,"16":63,"17":16,"18":116,"19":341,"20":9,"21":4,"22":6,"23":636,"24":104,"25":466,"26":462,"27":337,"28":359,"29":1859,"30":136,"31":533,"32":48,"33":63,"34":48,"35":156,"36":529,"37":1909,"38":29,"39":1906,"40":1387,"41":25,"42":1874,"43":13,"44":19,"45":25,"46":382,"47":15,"48":20,"49":2,"50":5,"51":5,"52":6,"53":1016,"54":380,"55":258,"56":258,"57":203,"58":3307,"59":48,"60":56,"61":55,"62":9,"63":17,"64":249,"65":14},"fnMap":{"1":{"name":"(anonymous_1)","line":26,"loc":{"start":{"line":26,"column":1},"end":{"line":26,"column":26}}},"2":{"name":"(anonymous_2)","line":42,"loc":{"start":{"line":42,"column":8},"end":{"line":42,"column":21}}},"3":{"name":"__callback","line":47,"loc":{"start":{"line":47,"column":4},"end":{"line":47,"column":37}}},"4":{"name":"(anonymous_4)","line":49,"loc":{"start":{"line":49,"column":47},"end":{"line":49,"column":60}}},"5":{"name":"__preFinalizeTree","line":55,"loc":{"start":{"line":55,"column":4},"end":{"line":55,"column":37}}},"6":{"name":"(anonymous_6)","line":57,"loc":{"start":{"line":57,"column":37},"end":{"line":57,"column":51}}},"7":{"name":"(anonymous_7)","line":59,"loc":{"start":{"line":59,"column":33},"end":{"line":59,"column":50}}},"8":{"name":"(anonymous_8)","line":64,"loc":{"start":{"line":64,"column":33},"end":{"line":64,"column":50}}},"9":{"name":"(anonymous_9)","line":65,"loc":{"start":{"line":65,"column":30},"end":{"line":65,"column":50}}},"10":{"name":"__setupAncestry","line":79,"loc":{"start":{"line":79,"column":4},"end":{"line":79,"column":49}}},"11":{"name":"(anonymous_11)","line":88,"loc":{"start":{"line":88,"column":32},"end":{"line":88,"column":44}}},"12":{"name":"__finalizeMutableTreeClone","line":97,"loc":{"start":{"line":97,"column":4},"end":{"line":97,"column":46}}},"13":{"name":"(anonymous_13)","line":104,"loc":{"start":{"line":104,"column":18},"end":{"line":104,"column":33}}},"14":{"name":"__cloneDefaults","line":116,"loc":{"start":{"line":116,"column":4},"end":{"line":116,"column":39}}},"15":{"name":"(anonymous_15)","line":139,"loc":{"start":{"line":139,"column":20},"end":{"line":139,"column":60}}},"16":{"name":"(anonymous_16)","line":153,"loc":{"start":{"line":153,"column":19},"end":{"line":153,"column":39}}},"17":{"name":"(anonymous_17)","line":179,"loc":{"start":{"line":179,"column":26},"end":{"line":179,"column":41}}},"18":{"name":"(anonymous_18)","line":181,"loc":{"start":{"line":181,"column":15},"end":{"line":181,"column":30}}},"19":{"name":"(anonymous_19)","line":206,"loc":{"start":{"line":206,"column":36},"end":{"line":206,"column":51}}},"20":{"name":"(anonymous_20)","line":238,"loc":{"start":{"line":238,"column":35},"end":{"line":238,"column":50}}},"21":{"name":"(anonymous_21)","line":243,"loc":{"start":{"line":243,"column":46},"end":{"line":243,"column":59}}},"22":{"name":"(anonymous_22)","line":254,"loc":{"start":{"line":254,"column":21},"end":{"line":254,"column":47}}},"23":{"name":"(anonymous_23)","line":277,"loc":{"start":{"line":277,"column":11},"end":{"line":277,"column":63}}},"24":{"name":"(anonymous_24)","line":331,"loc":{"start":{"line":331,"column":17},"end":{"line":331,"column":33}}},"25":{"name":"(anonymous_25)","line":341,"loc":{"start":{"line":341,"column":19},"end":{"line":341,"column":54}}},"26":{"name":"(anonymous_26)","line":353,"loc":{"start":{"line":353,"column":18},"end":{"line":353,"column":34}}},"27":{"name":"(anonymous_27)","line":356,"loc":{"start":{"line":356,"column":22},"end":{"line":356,"column":39}}},"28":{"name":"(anonymous_28)","line":357,"loc":{"start":{"line":357,"column":30},"end":{"line":357,"column":48}}},"29":{"name":"(anonymous_29)","line":376,"loc":{"start":{"line":376,"column":26},"end":{"line":376,"column":38}}},"30":{"name":"(anonymous_30)","line":386,"loc":{"start":{"line":386,"column":30},"end":{"line":386,"column":62}}},"31":{"name":"(anonymous_31)","line":396,"loc":{"start":{"line":396,"column":18},"end":{"line":396,"column":39}}},"32":{"name":"(anonymous_32)","line":407,"loc":{"start":{"line":407,"column":36},"end":{"line":407,"column":64}}},"33":{"name":"(anonymous_33)","line":414,"loc":{"start":{"line":414,"column":22},"end":{"line":414,"column":41}}},"34":{"name":"(anonymous_34)","line":421,"loc":{"start":{"line":421,"column":22},"end":{"line":421,"column":41}}},"35":{"name":"(anonymous_35)","line":426,"loc":{"start":{"line":426,"column":18},"end":{"line":426,"column":39}}},"36":{"name":"(anonymous_36)","line":438,"loc":{"start":{"line":438,"column":26},"end":{"line":438,"column":69}}},"37":{"name":"(anonymous_37)","line":460,"loc":{"start":{"line":460,"column":21},"end":{"line":460,"column":38}}},"38":{"name":"(anonymous_38)","line":463,"loc":{"start":{"line":463,"column":20},"end":{"line":463,"column":37}}},"39":{"name":"(anonymous_39)","line":466,"loc":{"start":{"line":466,"column":23},"end":{"line":466,"column":40}}},"40":{"name":"(anonymous_40)","line":467,"loc":{"start":{"line":467,"column":30},"end":{"line":467,"column":43}}},"41":{"name":"(anonymous_41)","line":471,"loc":{"start":{"line":471,"column":28},"end":{"line":471,"column":45}}},"42":{"name":"(anonymous_42)","line":494,"loc":{"start":{"line":494,"column":32},"end":{"line":494,"column":48}}},"43":{"name":"(anonymous_43)","line":500,"loc":{"start":{"line":500,"column":33},"end":{"line":500,"column":49}}},"44":{"name":"(anonymous_44)","line":507,"loc":{"start":{"line":507,"column":32},"end":{"line":507,"column":48}}},"45":{"name":"(anonymous_45)","line":516,"loc":{"start":{"line":516,"column":33},"end":{"line":516,"column":49}}},"46":{"name":"(anonymous_46)","line":530,"loc":{"start":{"line":530,"column":28},"end":{"line":530,"column":49}}},"47":{"name":"(anonymous_47)","line":536,"loc":{"start":{"line":536,"column":34},"end":{"line":536,"column":54}}},"48":{"name":"(anonymous_48)","line":543,"loc":{"start":{"line":543,"column":34},"end":{"line":543,"column":53}}},"49":{"name":"(anonymous_49)","line":553,"loc":{"start":{"line":553,"column":30},"end":{"line":553,"column":62}}},"50":{"name":"(anonymous_50)","line":566,"loc":{"start":{"line":566,"column":24},"end":{"line":566,"column":50}}},"51":{"name":"(anonymous_51)","line":581,"loc":{"start":{"line":581,"column":25},"end":{"line":581,"column":51}}},"52":{"name":"(anonymous_52)","line":598,"loc":{"start":{"line":598,"column":27},"end":{"line":598,"column":43}}},"53":{"name":"(anonymous_53)","line":617,"loc":{"start":{"line":617,"column":11},"end":{"line":617,"column":27}}},"54":{"name":"(anonymous_54)","line":656,"loc":{"start":{"line":656,"column":17},"end":{"line":656,"column":55}}},"55":{"name":"(anonymous_55)","line":660,"loc":{"start":{"line":660,"column":52},"end":{"line":660,"column":64}}},"56":{"name":"(anonymous_56)","line":661,"loc":{"start":{"line":661,"column":35},"end":{"line":661,"column":47}}},"57":{"name":"(anonymous_57)","line":683,"loc":{"start":{"line":683,"column":26},"end":{"line":683,"column":41}}},"58":{"name":"(anonymous_58)","line":704,"loc":{"start":{"line":704,"column":30},"end":{"line":704,"column":42}}},"59":{"name":"(anonymous_59)","line":710,"loc":{"start":{"line":710,"column":28},"end":{"line":710,"column":40}}},"60":{"name":"(anonymous_60)","line":717,"loc":{"start":{"line":717,"column":26},"end":{"line":717,"column":38}}},"61":{"name":"(anonymous_61)","line":723,"loc":{"start":{"line":723,"column":24},"end":{"line":723,"column":36}}},"62":{"name":"(anonymous_62)","line":732,"loc":{"start":{"line":732,"column":38},"end":{"line":732,"column":73}}},"63":{"name":"(anonymous_63)","line":753,"loc":{"start":{"line":753,"column":34},"end":{"line":753,"column":49}}},"64":{"name":"(anonymous_64)","line":774,"loc":{"start":{"line":774,"column":28},"end":{"line":774,"column":48}}},"65":{"name":"(anonymous_65)","line":779,"loc":{"start":{"line":779,"column":28},"end":{"line":779,"column":40}}}},"statementMap":{"1":{"start":{"line":26,"column":0},"end":{"line":818,"column":4}},"2":{"start":{"line":29,"column":4},"end":{"line":41,"column":5}},"3":{"start":{"line":31,"column":8},"end":{"line":31,"column":40}},"4":{"start":{"line":32,"column":11},"end":{"line":41,"column":5}},"5":{"start":{"line":37,"column":8},"end":{"line":37,"column":56}},"6":{"start":{"line":40,"column":8},"end":{"line":40,"column":37}},"7":{"start":{"line":45,"column":4},"end":{"line":45,"column":43}},"8":{"start":{"line":47,"column":4},"end":{"line":52,"column":5}},"9":{"start":{"line":48,"column":8},"end":{"line":48,"column":60}},"10":{"start":{"line":49,"column":8},"end":{"line":51,"column":11}},"11":{"start":{"line":50,"column":12},"end":{"line":50,"column":50}},"12":{"start":{"line":55,"column":4},"end":{"line":73,"column":5}},"13":{"start":{"line":57,"column":8},"end":{"line":70,"column":11}},"14":{"start":{"line":58,"column":12},"end":{"line":62,"column":13}},"15":{"start":{"line":59,"column":16},"end":{"line":61,"column":19}},"16":{"start":{"line":60,"column":20},"end":{"line":60,"column":34}},"17":{"start":{"line":63,"column":12},"end":{"line":69,"column":13}},"18":{"start":{"line":64,"column":16},"end":{"line":68,"column":19}},"19":{"start":{"line":65,"column":20},"end":{"line":67,"column":23}},"20":{"start":{"line":66,"column":24},"end":{"line":66,"column":43}},"21":{"start":{"line":72,"column":8},"end":{"line":72,"column":30}},"22":{"start":{"line":79,"column":4},"end":{"line":89,"column":5}},"23":{"start":{"line":80,"column":8},"end":{"line":82,"column":9}},"24":{"start":{"line":81,"column":12},"end":{"line":81,"column":31}},"25":{"start":{"line":83,"column":8},"end":{"line":83,"column":27}},"26":{"start":{"line":84,"column":8},"end":{"line":86,"column":9}},"27":{"start":{"line":85,"column":12},"end":{"line":85,"column":35}},"28":{"start":{"line":88,"column":8},"end":{"line":88,"column":80}},"29":{"start":{"line":88,"column":45},"end":{"line":88,"column":76}},"30":{"start":{"line":97,"column":4},"end":{"line":113,"column":5}},"31":{"start":{"line":101,"column":8},"end":{"line":101,"column":49}},"32":{"start":{"line":101,"column":14},"end":{"line":101,"column":34}},"33":{"start":{"line":104,"column":8},"end":{"line":109,"column":11}},"34":{"start":{"line":105,"column":12},"end":{"line":108,"column":26}},"35":{"start":{"line":106,"column":16},"end":{"line":106,"column":36}},"36":{"start":{"line":107,"column":16},"end":{"line":107,"column":47}},"37":{"start":{"line":112,"column":8},"end":{"line":112,"column":40}},"38":{"start":{"line":116,"column":4},"end":{"line":122,"column":5}},"39":{"start":{"line":117,"column":8},"end":{"line":117,"column":53}},"40":{"start":{"line":118,"column":8},"end":{"line":118,"column":97}},"41":{"start":{"line":119,"column":8},"end":{"line":119,"column":78}},"42":{"start":{"line":120,"column":8},"end":{"line":120,"column":52}},"43":{"start":{"line":121,"column":8},"end":{"line":121,"column":24}},"44":{"start":{"line":139,"column":4},"end":{"line":148,"column":6}},"45":{"start":{"line":140,"column":8},"end":{"line":140,"column":45}},"46":{"start":{"line":141,"column":8},"end":{"line":141,"column":77}},"47":{"start":{"line":143,"column":8},"end":{"line":143,"column":58}},"48":{"start":{"line":144,"column":8},"end":{"line":144,"column":32}},"49":{"start":{"line":145,"column":8},"end":{"line":145,"column":41}},"50":{"start":{"line":146,"column":8},"end":{"line":146,"column":41}},"51":{"start":{"line":147,"column":8},"end":{"line":147,"column":20}},"52":{"start":{"line":153,"column":4},"end":{"line":155,"column":6}},"53":{"start":{"line":154,"column":8},"end":{"line":154,"column":51}},"54":{"start":{"line":179,"column":4},"end":{"line":187,"column":6}},"55":{"start":{"line":180,"column":8},"end":{"line":180,"column":32}},"56":{"start":{"line":181,"column":8},"end":{"line":186,"column":10}},"57":{"start":{"line":182,"column":12},"end":{"line":182,"column":27}},"58":{"start":{"line":183,"column":12},"end":{"line":185,"column":13}},"59":{"start":{"line":184,"column":16},"end":{"line":184,"column":40}},"60":{"start":{"line":206,"column":4},"end":{"line":223,"column":6}},"61":{"start":{"line":207,"column":8},"end":{"line":207,"column":28}},"62":{"start":{"line":208,"column":8},"end":{"line":208,"column":32}},"63":{"start":{"line":209,"column":8},"end":{"line":222,"column":9}},"64":{"start":{"line":210,"column":12},"end":{"line":212,"column":13}},"65":{"start":{"line":211,"column":16},"end":{"line":211,"column":47}},"66":{"start":{"line":213,"column":12},"end":{"line":213,"column":26}},"67":{"start":{"line":214,"column":12},"end":{"line":221,"column":13}},"68":{"start":{"line":215,"column":16},"end":{"line":215,"column":35}},"69":{"start":{"line":216,"column":16},"end":{"line":219,"column":17}},"70":{"start":{"line":217,"column":20},"end":{"line":217,"column":45}},"71":{"start":{"line":218,"column":20},"end":{"line":218,"column":24}},"72":{"start":{"line":220,"column":16},"end":{"line":220,"column":40}},"73":{"start":{"line":238,"column":4},"end":{"line":247,"column":6}},"74":{"start":{"line":239,"column":8},"end":{"line":241,"column":9}},"75":{"start":{"line":240,"column":12},"end":{"line":240,"column":40}},"76":{"start":{"line":242,"column":8},"end":{"line":246,"column":9}},"77":{"start":{"line":243,"column":12},"end":{"line":243,"column":75}},"78":{"start":{"line":243,"column":60},"end":{"line":243,"column":71}},"79":{"start":{"line":245,"column":12},"end":{"line":245,"column":36}},"80":{"start":{"line":254,"column":4},"end":{"line":265,"column":6}},"81":{"start":{"line":255,"column":8},"end":{"line":257,"column":9}},"82":{"start":{"line":256,"column":12},"end":{"line":256,"column":69}},"83":{"start":{"line":258,"column":8},"end":{"line":258,"column":45}},"84":{"start":{"line":259,"column":8},"end":{"line":259,"column":38}},"85":{"start":{"line":260,"column":8},"end":{"line":260,"column":45}},"86":{"start":{"line":261,"column":8},"end":{"line":261,"column":32}},"87":{"start":{"line":262,"column":8},"end":{"line":262,"column":41}},"88":{"start":{"line":263,"column":8},"end":{"line":263,"column":41}},"89":{"start":{"line":264,"column":8},"end":{"line":264,"column":20}},"90":{"start":{"line":277,"column":4},"end":{"line":320,"column":6}},"91":{"start":{"line":278,"column":8},"end":{"line":278,"column":33}},"92":{"start":{"line":279,"column":8},"end":{"line":279,"column":40}},"93":{"start":{"line":280,"column":8},"end":{"line":280,"column":28}},"94":{"start":{"line":281,"column":8},"end":{"line":281,"column":39}},"95":{"start":{"line":282,"column":8},"end":{"line":300,"column":9}},"96":{"start":{"line":283,"column":12},"end":{"line":296,"column":15}},"97":{"start":{"line":298,"column":12},"end":{"line":298,"column":29}},"98":{"start":{"line":299,"column":12},"end":{"line":299,"column":45}},"99":{"start":{"line":302,"column":8},"end":{"line":306,"column":9}},"100":{"start":{"line":303,"column":12},"end":{"line":303,"column":60}},"101":{"start":{"line":305,"column":12},"end":{"line":305,"column":36}},"102":{"start":{"line":308,"column":8},"end":{"line":319,"column":9}},"103":{"start":{"line":309,"column":12},"end":{"line":316,"column":15}},"104":{"start":{"line":318,"column":12},"end":{"line":318,"column":33}},"105":{"start":{"line":331,"column":4},"end":{"line":337,"column":6}},"106":{"start":{"line":332,"column":8},"end":{"line":332,"column":46}},"107":{"start":{"line":333,"column":8},"end":{"line":333,"column":58}},"108":{"start":{"line":334,"column":8},"end":{"line":334,"column":49}},"109":{"start":{"line":335,"column":8},"end":{"line":335,"column":33}},"110":{"start":{"line":336,"column":8},"end":{"line":336,"column":23}},"111":{"start":{"line":341,"column":4},"end":{"line":368,"column":6}},"112":{"start":{"line":342,"column":8},"end":{"line":342,"column":45}},"113":{"start":{"line":343,"column":8},"end":{"line":343,"column":31}},"114":{"start":{"line":352,"column":8},"end":{"line":364,"column":10}},"115":{"start":{"line":354,"column":16},"end":{"line":354,"column":39}},"116":{"start":{"line":357,"column":16},"end":{"line":362,"column":19}},"117":{"start":{"line":358,"column":20},"end":{"line":358,"column":100}},"118":{"start":{"line":359,"column":20},"end":{"line":359,"column":61}},"119":{"start":{"line":360,"column":20},"end":{"line":360,"column":55}},"120":{"start":{"line":361,"column":20},"end":{"line":361,"column":61}},"121":{"start":{"line":366,"column":8},"end":{"line":366,"column":39}},"122":{"start":{"line":367,"column":8},"end":{"line":367,"column":24}},"123":{"start":{"line":376,"column":4},"end":{"line":378,"column":6}},"124":{"start":{"line":377,"column":8},"end":{"line":377,"column":27}},"125":{"start":{"line":386,"column":4},"end":{"line":402,"column":6}},"126":{"start":{"line":387,"column":8},"end":{"line":389,"column":9}},"127":{"start":{"line":388,"column":12},"end":{"line":388,"column":31}},"128":{"start":{"line":391,"column":8},"end":{"line":393,"column":9}},"129":{"start":{"line":392,"column":12},"end":{"line":392,"column":25}},"130":{"start":{"line":395,"column":8},"end":{"line":395,"column":26}},"131":{"start":{"line":396,"column":8},"end":{"line":400,"column":23}},"132":{"start":{"line":397,"column":12},"end":{"line":399,"column":13}},"133":{"start":{"line":398,"column":16},"end":{"line":398,"column":34}},"134":{"start":{"line":401,"column":8},"end":{"line":401,"column":21}},"135":{"start":{"line":407,"column":4},"end":{"line":432,"column":6}},"136":{"start":{"line":408,"column":8},"end":{"line":408,"column":41}},"137":{"start":{"line":409,"column":8},"end":{"line":411,"column":9}},"138":{"start":{"line":410,"column":12},"end":{"line":410,"column":25}},"139":{"start":{"line":412,"column":8},"end":{"line":424,"column":9}},"140":{"start":{"line":413,"column":12},"end":{"line":413,"column":32}},"141":{"start":{"line":414,"column":12},"end":{"line":419,"column":14}},"142":{"start":{"line":415,"column":16},"end":{"line":417,"column":17}},"143":{"start":{"line":416,"column":20},"end":{"line":416,"column":33}},"144":{"start":{"line":418,"column":16},"end":{"line":418,"column":83}},"145":{"start":{"line":421,"column":12},"end":{"line":423,"column":14}},"146":{"start":{"line":422,"column":16},"end":{"line":422,"column":49}},"147":{"start":{"line":426,"column":8},"end":{"line":430,"column":23}},"148":{"start":{"line":427,"column":12},"end":{"line":429,"column":13}},"149":{"start":{"line":428,"column":16},"end":{"line":428,"column":34}},"150":{"start":{"line":431,"column":8},"end":{"line":431,"column":21}},"151":{"start":{"line":438,"column":4},"end":{"line":488,"column":6}},"152":{"start":{"line":439,"column":8},"end":{"line":439,"column":54}},"153":{"start":{"line":440,"column":8},"end":{"line":440,"column":52}},"154":{"start":{"line":442,"column":8},"end":{"line":448,"column":9}},"155":{"start":{"line":443,"column":12},"end":{"line":445,"column":13}},"156":{"start":{"line":444,"column":16},"end":{"line":444,"column":72}},"157":{"start":{"line":447,"column":12},"end":{"line":447,"column":36}},"158":{"start":{"line":458,"column":8},"end":{"line":474,"column":10}},"159":{"start":{"line":461,"column":16},"end":{"line":461,"column":38}},"160":{"start":{"line":464,"column":16},"end":{"line":464,"column":38}},"161":{"start":{"line":467,"column":16},"end":{"line":469,"column":19}},"162":{"start":{"line":468,"column":20},"end":{"line":468,"column":46}},"163":{"start":{"line":472,"column":16},"end":{"line":472,"column":52}},"164":{"start":{"line":481,"column":8},"end":{"line":481,"column":42}},"165":{"start":{"line":482,"column":8},"end":{"line":485,"column":9}},"166":{"start":{"line":483,"column":12},"end":{"line":483,"column":40}},"167":{"start":{"line":484,"column":12},"end":{"line":484,"column":44}},"168":{"start":{"line":487,"column":8},"end":{"line":487,"column":29}},"169":{"start":{"line":494,"column":4},"end":{"line":497,"column":6}},"170":{"start":{"line":495,"column":8},"end":{"line":495,"column":25}},"171":{"start":{"line":496,"column":8},"end":{"line":496,"column":38}},"172":{"start":{"line":500,"column":4},"end":{"line":503,"column":6}},"173":{"start":{"line":501,"column":8},"end":{"line":501,"column":38}},"174":{"start":{"line":502,"column":8},"end":{"line":502,"column":25}},"175":{"start":{"line":507,"column":4},"end":{"line":513,"column":6}},"176":{"start":{"line":508,"column":8},"end":{"line":510,"column":9}},"177":{"start":{"line":509,"column":12},"end":{"line":509,"column":31}},"178":{"start":{"line":511,"column":8},"end":{"line":511,"column":36}},"179":{"start":{"line":512,"column":8},"end":{"line":512,"column":38}},"180":{"start":{"line":516,"column":4},"end":{"line":524,"column":6}},"181":{"start":{"line":517,"column":8},"end":{"line":519,"column":9}},"182":{"start":{"line":518,"column":12},"end":{"line":518,"column":30}},"183":{"start":{"line":520,"column":8},"end":{"line":520,"column":35}},"184":{"start":{"line":521,"column":8},"end":{"line":521,"column":43}},"185":{"start":{"line":522,"column":8},"end":{"line":522,"column":22}},"186":{"start":{"line":523,"column":8},"end":{"line":523,"column":31}},"187":{"start":{"line":530,"column":4},"end":{"line":532,"column":6}},"188":{"start":{"line":531,"column":8},"end":{"line":531,"column":75}},"189":{"start":{"line":536,"column":4},"end":{"line":538,"column":6}},"190":{"start":{"line":537,"column":8},"end":{"line":537,"column":57}},"191":{"start":{"line":543,"column":4},"end":{"line":545,"column":6}},"192":{"start":{"line":544,"column":8},"end":{"line":544,"column":63}},"193":{"start":{"line":553,"column":4},"end":{"line":557,"column":6}},"194":{"start":{"line":554,"column":8},"end":{"line":556,"column":38}},"195":{"start":{"line":566,"column":4},"end":{"line":575,"column":6}},"196":{"start":{"line":567,"column":8},"end":{"line":567,"column":24}},"197":{"start":{"line":568,"column":8},"end":{"line":568,"column":35}},"198":{"start":{"line":569,"column":8},"end":{"line":569,"column":57}},"199":{"start":{"line":570,"column":8},"end":{"line":570,"column":89}},"200":{"start":{"line":571,"column":8},"end":{"line":571,"column":35}},"201":{"start":{"line":572,"column":8},"end":{"line":572,"column":44}},"202":{"start":{"line":573,"column":8},"end":{"line":573,"column":44}},"203":{"start":{"line":574,"column":8},"end":{"line":574,"column":23}},"204":{"start":{"line":581,"column":4},"end":{"line":590,"column":6}},"205":{"start":{"line":582,"column":8},"end":{"line":582,"column":24}},"206":{"start":{"line":583,"column":8},"end":{"line":583,"column":35}},"207":{"start":{"line":584,"column":8},"end":{"line":584,"column":57}},"208":{"start":{"line":585,"column":8},"end":{"line":585,"column":113}},"209":{"start":{"line":586,"column":8},"end":{"line":586,"column":35}},"210":{"start":{"line":587,"column":8},"end":{"line":587,"column":44}},"211":{"start":{"line":588,"column":8},"end":{"line":588,"column":44}},"212":{"start":{"line":589,"column":8},"end":{"line":589,"column":23}},"213":{"start":{"line":598,"column":4},"end":{"line":608,"column":6}},"214":{"start":{"line":599,"column":8},"end":{"line":599,"column":20}},"215":{"start":{"line":600,"column":8},"end":{"line":600,"column":35}},"216":{"start":{"line":601,"column":8},"end":{"line":603,"column":9}},"217":{"start":{"line":602,"column":12},"end":{"line":602,"column":48}},"218":{"start":{"line":604,"column":8},"end":{"line":604,"column":35}},"219":{"start":{"line":605,"column":8},"end":{"line":605,"column":44}},"220":{"start":{"line":606,"column":8},"end":{"line":606,"column":44}},"221":{"start":{"line":607,"column":8},"end":{"line":607,"column":23}},"222":{"start":{"line":617,"column":4},"end":{"line":651,"column":6}},"223":{"start":{"line":618,"column":8},"end":{"line":649,"column":9}},"224":{"start":{"line":619,"column":12},"end":{"line":643,"column":15}},"225":{"start":{"line":645,"column":12},"end":{"line":645,"column":31}},"226":{"start":{"line":646,"column":12},"end":{"line":646,"column":36}},"227":{"start":{"line":647,"column":12},"end":{"line":647,"column":33}},"228":{"start":{"line":648,"column":12},"end":{"line":648,"column":42}},"229":{"start":{"line":650,"column":8},"end":{"line":650,"column":50}},"230":{"start":{"line":656,"column":4},"end":{"line":669,"column":6}},"231":{"start":{"line":657,"column":8},"end":{"line":657,"column":40}},"232":{"start":{"line":658,"column":8},"end":{"line":658,"column":37}},"233":{"start":{"line":660,"column":8},"end":{"line":660,"column":113}},"234":{"start":{"line":660,"column":66},"end":{"line":660,"column":109}},"235":{"start":{"line":661,"column":8},"end":{"line":661,"column":72}},"236":{"start":{"line":661,"column":48},"end":{"line":661,"column":69}},"237":{"start":{"line":663,"column":8},"end":{"line":666,"column":9}},"238":{"start":{"line":664,"column":12},"end":{"line":664,"column":37}},"239":{"start":{"line":665,"column":12},"end":{"line":665,"column":35}},"240":{"start":{"line":668,"column":8},"end":{"line":668,"column":23}},"241":{"start":{"line":683,"column":4},"end":{"line":699,"column":6}},"242":{"start":{"line":685,"column":8},"end":{"line":687,"column":9}},"243":{"start":{"line":686,"column":12},"end":{"line":686,"column":31}},"244":{"start":{"line":689,"column":8},"end":{"line":689,"column":29}},"245":{"start":{"line":691,"column":8},"end":{"line":691,"column":42}},"246":{"start":{"line":692,"column":8},"end":{"line":692,"column":41}},"247":{"start":{"line":693,"column":8},"end":{"line":693,"column":29}},"248":{"start":{"line":694,"column":8},"end":{"line":694,"column":35}},"249":{"start":{"line":695,"column":8},"end":{"line":695,"column":44}},"250":{"start":{"line":696,"column":8},"end":{"line":696,"column":58}},"251":{"start":{"line":697,"column":8},"end":{"line":697,"column":44}},"252":{"start":{"line":698,"column":8},"end":{"line":698,"column":23}},"253":{"start":{"line":704,"column":4},"end":{"line":706,"column":6}},"254":{"start":{"line":705,"column":8},"end":{"line":705,"column":31}},"255":{"start":{"line":710,"column":4},"end":{"line":712,"column":6}},"256":{"start":{"line":711,"column":8},"end":{"line":711,"column":29}},"257":{"start":{"line":717,"column":4},"end":{"line":719,"column":6}},"258":{"start":{"line":718,"column":8},"end":{"line":718,"column":27}},"259":{"start":{"line":723,"column":4},"end":{"line":725,"column":6}},"260":{"start":{"line":724,"column":8},"end":{"line":724,"column":25}},"261":{"start":{"line":732,"column":4},"end":{"line":749,"column":6}},"262":{"start":{"line":733,"column":8},"end":{"line":733,"column":70}},"263":{"start":{"line":734,"column":8},"end":{"line":734,"column":46}},"264":{"start":{"line":735,"column":8},"end":{"line":735,"column":27}},"265":{"start":{"line":736,"column":8},"end":{"line":736,"column":88}},"266":{"start":{"line":738,"column":8},"end":{"line":738,"column":35}},"267":{"start":{"line":739,"column":8},"end":{"line":739,"column":41}},"268":{"start":{"line":740,"column":8},"end":{"line":740,"column":50}},"269":{"start":{"line":741,"column":8},"end":{"line":741,"column":54}},"270":{"start":{"line":743,"column":8},"end":{"line":743,"column":35}},"271":{"start":{"line":744,"column":8},"end":{"line":744,"column":44}},"272":{"start":{"line":745,"column":8},"end":{"line":745,"column":79}},"273":{"start":{"line":746,"column":8},"end":{"line":746,"column":44}},"274":{"start":{"line":748,"column":8},"end":{"line":748,"column":23}},"275":{"start":{"line":753,"column":4},"end":{"line":769,"column":6}},"276":{"start":{"line":754,"column":8},"end":{"line":754,"column":46}},"277":{"start":{"line":756,"column":8},"end":{"line":756,"column":42}},"278":{"start":{"line":757,"column":8},"end":{"line":757,"column":47}},"279":{"start":{"line":759,"column":8},"end":{"line":759,"column":56}},"280":{"start":{"line":760,"column":8},"end":{"line":760,"column":52}},"281":{"start":{"line":761,"column":8},"end":{"line":761,"column":49}},"282":{"start":{"line":763,"column":8},"end":{"line":763,"column":35}},"283":{"start":{"line":764,"column":8},"end":{"line":764,"column":44}},"284":{"start":{"line":765,"column":8},"end":{"line":765,"column":68}},"285":{"start":{"line":766,"column":8},"end":{"line":766,"column":44}},"286":{"start":{"line":768,"column":8},"end":{"line":768,"column":23}},"287":{"start":{"line":774,"column":4},"end":{"line":777,"column":6}},"288":{"start":{"line":775,"column":8},"end":{"line":776,"column":41}},"289":{"start":{"line":779,"column":4},"end":{"line":797,"column":6}},"290":{"start":{"line":780,"column":8},"end":{"line":782,"column":9}},"291":{"start":{"line":781,"column":12},"end":{"line":781,"column":59}},"292":{"start":{"line":784,"column":8},"end":{"line":784,"column":38}},"293":{"start":{"line":786,"column":8},"end":{"line":786,"column":42}},"294":{"start":{"line":787,"column":8},"end":{"line":787,"column":41}},"295":{"start":{"line":788,"column":8},"end":{"line":788,"column":50}},"296":{"start":{"line":790,"column":8},"end":{"line":790,"column":68}},"297":{"start":{"line":791,"column":8},"end":{"line":791,"column":35}},"298":{"start":{"line":792,"column":8},"end":{"line":792,"column":44}},"299":{"start":{"line":793,"column":8},"end":{"line":793,"column":60}},"300":{"start":{"line":794,"column":8},"end":{"line":794,"column":44}},"301":{"start":{"line":796,"column":8},"end":{"line":796,"column":23}},"302":{"start":{"line":802,"column":4},"end":{"line":814,"column":6}},"303":{"start":{"line":817,"column":4},"end":{"line":817,"column":17}}},"branchMap":{"1":{"line":29,"type":"if","locations":[{"start":{"line":29,"column":4},"end":{"line":29,"column":4}},{"start":{"line":29,"column":4},"end":{"line":29,"column":4}}]},"2":{"line":29,"type":"binary-expr","locations":[{"start":{"line":29,"column":8},"end":{"line":29,"column":36}},{"start":{"line":29,"column":40},"end":{"line":29,"column":50}}]},"3":{"line":32,"type":"if","locations":[{"start":{"line":32,"column":11},"end":{"line":32,"column":11}},{"start":{"line":32,"column":11},"end":{"line":32,"column":11}}]},"4":{"line":58,"type":"if","locations":[{"start":{"line":58,"column":12},"end":{"line":58,"column":12}},{"start":{"line":58,"column":12},"end":{"line":58,"column":12}}]},"5":{"line":63,"type":"if","locations":[{"start":{"line":63,"column":12},"end":{"line":63,"column":12}},{"start":{"line":63,"column":12},"end":{"line":63,"column":12}}]},"6":{"line":80,"type":"if","locations":[{"start":{"line":80,"column":8},"end":{"line":80,"column":8}},{"start":{"line":80,"column":8},"end":{"line":80,"column":8}}]},"7":{"line":84,"type":"if","locations":[{"start":{"line":84,"column":8},"end":{"line":84,"column":8}},{"start":{"line":84,"column":8},"end":{"line":84,"column":8}}]},"8":{"line":117,"type":"cond-expr","locations":[{"start":{"line":117,"column":30},"end":{"line":117,"column":47}},{"start":{"line":117,"column":50},"end":{"line":117,"column":52}}]},"9":{"line":118,"type":"binary-expr","locations":[{"start":{"line":118,"column":48},"end":{"line":118,"column":66}},{"start":{"line":118,"column":70},"end":{"line":118,"column":72}}]},"10":{"line":119,"type":"binary-expr","locations":[{"start":{"line":119,"column":35},"end":{"line":119,"column":50}},{"start":{"line":119,"column":54},"end":{"line":119,"column":56}}]},"11":{"line":141,"type":"binary-expr","locations":[{"start":{"line":141,"column":43},"end":{"line":141,"column":56}},{"start":{"line":141,"column":60},"end":{"line":141,"column":76}}]},"12":{"line":180,"type":"binary-expr","locations":[{"start":{"line":180,"column":14},"end":{"line":180,"column":17}},{"start":{"line":180,"column":21},"end":{"line":180,"column":31}}]},"13":{"line":183,"type":"if","locations":[{"start":{"line":183,"column":12},"end":{"line":183,"column":12}},{"start":{"line":183,"column":12},"end":{"line":183,"column":12}}]},"14":{"line":209,"type":"if","locations":[{"start":{"line":209,"column":8},"end":{"line":209,"column":8}},{"start":{"line":209,"column":8},"end":{"line":209,"column":8}}]},"15":{"line":210,"type":"if","locations":[{"start":{"line":210,"column":12},"end":{"line":210,"column":12}},{"start":{"line":210,"column":12},"end":{"line":210,"column":12}}]},"16":{"line":210,"type":"binary-expr","locations":[{"start":{"line":210,"column":16},"end":{"line":210,"column":34}},{"start":{"line":210,"column":38},"end":{"line":210,"column":52}}]},"17":{"line":216,"type":"if","locations":[{"start":{"line":216,"column":16},"end":{"line":216,"column":16}},{"start":{"line":216,"column":16},"end":{"line":216,"column":16}}]},"18":{"line":216,"type":"binary-expr","locations":[{"start":{"line":216,"column":20},"end":{"line":216,"column":35}},{"start":{"line":216,"column":39},"end":{"line":216,"column":61}}]},"19":{"line":239,"type":"if","locations":[{"start":{"line":239,"column":8},"end":{"line":239,"column":8}},{"start":{"line":239,"column":8},"end":{"line":239,"column":8}}]},"20":{"line":239,"type":"binary-expr","locations":[{"start":{"line":239,"column":12},"end":{"line":239,"column":27}},{"start":{"line":239,"column":31},"end":{"line":239,"column":45}}]},"21":{"line":242,"type":"if","locations":[{"start":{"line":242,"column":8},"end":{"line":242,"column":8}},{"start":{"line":242,"column":8},"end":{"line":242,"column":8}}]},"22":{"line":255,"type":"if","locations":[{"start":{"line":255,"column":8},"end":{"line":255,"column":8}},{"start":{"line":255,"column":8},"end":{"line":255,"column":8}}]},"23":{"line":281,"type":"binary-expr","locations":[{"start":{"line":281,"column":23},"end":{"line":281,"column":33}},{"start":{"line":281,"column":37},"end":{"line":281,"column":38}}]},"24":{"line":302,"type":"if","locations":[{"start":{"line":302,"column":8},"end":{"line":302,"column":8}},{"start":{"line":302,"column":8},"end":{"line":302,"column":8}}]},"25":{"line":302,"type":"binary-expr","locations":[{"start":{"line":302,"column":12},"end":{"line":302,"column":17}},{"start":{"line":302,"column":21},"end":{"line":302,"column":36}}]},"26":{"line":387,"type":"if","locations":[{"start":{"line":387,"column":8},"end":{"line":387,"column":8}},{"start":{"line":387,"column":8},"end":{"line":387,"column":8}}]},"27":{"line":391,"type":"if","locations":[{"start":{"line":391,"column":8},"end":{"line":391,"column":8}},{"start":{"line":391,"column":8},"end":{"line":391,"column":8}}]},"28":{"line":397,"type":"if","locations":[{"start":{"line":397,"column":12},"end":{"line":397,"column":12}},{"start":{"line":397,"column":12},"end":{"line":397,"column":12}}]},"29":{"line":397,"type":"binary-expr","locations":[{"start":{"line":397,"column":16},"end":{"line":397,"column":22}},{"start":{"line":397,"column":26},"end":{"line":397,"column":52}}]},"30":{"line":409,"type":"if","locations":[{"start":{"line":409,"column":8},"end":{"line":409,"column":8}},{"start":{"line":409,"column":8},"end":{"line":409,"column":8}}]},"31":{"line":412,"type":"if","locations":[{"start":{"line":412,"column":8},"end":{"line":412,"column":8}},{"start":{"line":412,"column":8},"end":{"line":412,"column":8}}]},"32":{"line":412,"type":"binary-expr","locations":[{"start":{"line":412,"column":12},"end":{"line":412,"column":28}},{"start":{"line":412,"column":32},"end":{"line":412,"column":48}}]},"33":{"line":415,"type":"if","locations":[{"start":{"line":415,"column":16},"end":{"line":415,"column":16}},{"start":{"line":415,"column":16},"end":{"line":415,"column":16}}]},"34":{"line":415,"type":"binary-expr","locations":[{"start":{"line":415,"column":20},"end":{"line":415,"column":41}},{"start":{"line":415,"column":45},"end":{"line":415,"column":64}}]},"35":{"line":427,"type":"if","locations":[{"start":{"line":427,"column":12},"end":{"line":427,"column":12}},{"start":{"line":427,"column":12},"end":{"line":427,"column":12}}]},"36":{"line":427,"type":"binary-expr","locations":[{"start":{"line":427,"column":16},"end":{"line":427,"column":22}},{"start":{"line":427,"column":26},"end":{"line":427,"column":51}}]},"37":{"line":439,"type":"binary-expr","locations":[{"start":{"line":439,"column":21},"end":{"line":439,"column":31}},{"start":{"line":439,"column":35},"end":{"line":439,"column":53}}]},"38":{"line":442,"type":"if","locations":[{"start":{"line":442,"column":8},"end":{"line":442,"column":8}},{"start":{"line":442,"column":8},"end":{"line":442,"column":8}}]},"39":{"line":443,"type":"if","locations":[{"start":{"line":443,"column":12},"end":{"line":443,"column":12}},{"start":{"line":443,"column":12},"end":{"line":443,"column":12}}]},"40":{"line":508,"type":"if","locations":[{"start":{"line":508,"column":8},"end":{"line":508,"column":8}},{"start":{"line":508,"column":8},"end":{"line":508,"column":8}}]},"41":{"line":517,"type":"if","locations":[{"start":{"line":517,"column":8},"end":{"line":517,"column":8}},{"start":{"line":517,"column":8},"end":{"line":517,"column":8}}]},"42":{"line":531,"type":"binary-expr","locations":[{"start":{"line":531,"column":16},"end":{"line":531,"column":41}},{"start":{"line":531,"column":46},"end":{"line":531,"column":74}}]},"43":{"line":569,"type":"cond-expr","locations":[{"start":{"line":569,"column":35},"end":{"line":569,"column":43}},{"start":{"line":569,"column":46},"end":{"line":569,"column":56}}]},"44":{"line":584,"type":"cond-expr","locations":[{"start":{"line":584,"column":35},"end":{"line":584,"column":43}},{"start":{"line":584,"column":46},"end":{"line":584,"column":56}}]},"45":{"line":601,"type":"if","locations":[{"start":{"line":601,"column":8},"end":{"line":601,"column":8}},{"start":{"line":601,"column":8},"end":{"line":601,"column":8}}]},"46":{"line":663,"type":"if","locations":[{"start":{"line":663,"column":8},"end":{"line":663,"column":8}},{"start":{"line":663,"column":8},"end":{"line":663,"column":8}}]},"47":{"line":685,"type":"if","locations":[{"start":{"line":685,"column":8},"end":{"line":685,"column":8}},{"start":{"line":685,"column":8},"end":{"line":685,"column":8}}]},"48":{"line":733,"type":"binary-expr","locations":[{"start":{"line":733,"column":24},"end":{"line":733,"column":37}},{"start":{"line":733,"column":41},"end":{"line":733,"column":69}}]},"49":{"line":775,"type":"binary-expr","locations":[{"start":{"line":775,"column":15},"end":{"line":775,"column":51}},{"start":{"line":776,"column":12},"end":{"line":776,"column":40}}]},"50":{"line":780,"type":"if","locations":[{"start":{"line":780,"column":8},"end":{"line":780,"column":8}},{"start":{"line":780,"column":8},"end":{"line":780,"column":8}}]}}}}